<?xml version="1.0" encoding="UTF-8"?>
<!-- Generated by org.testng.reporters.JUnitXMLReporter -->
<testsuite ignored="0" hostname="DESKTOP-OFL8S08" failures="1" tests="39" name="Test" time="2097.027" errors="0" timestamp="2023-10-28T15:41:09 PKT">
  <testcase classname="haypenny.testcases.BidingAndCollectingOffers" name="CreateOfferandPlaceABid" time="130.057"/>
  <testcase classname="haypenny.testcases.BidingAndCollectingOffers" name="createNewOffer" time="110.249"/>
  <testcase classname="haypenny.testcases.BidingAndCollectingOffers" name="endAndCollectActiveOffer" time="112.263"/>
  <testcase classname="haypenny.testcases.BidingAndCollectingOffers" name="placeBidOnActiveOffer" time="111.226"/>
  <testcase classname="haypenny.testcases.TradingTestCases" name="addWalletDataInEmptyWallet" time="50.963"/>
  <testcase classname="haypenny.testcases.TradingTestCases" name="createNewOffer" time="85.311"/>
  <testcase classname="haypenny.testcases.TradingTestCases" name="viewActiveBidsTable" time="56.849"/>
  <testcase classname="haypenny.testcases.TradingTestCases" name="viewActiveOffersTable" time="51.638"/>
  <testcase classname="haypenny.testcases.TradingTestCases" name="viewArchiveBidsTable" time="56.906"/>
  <testcase classname="haypenny.testcases.YourCurrenciesTestCases" name="changeEmailNotifications" time="36.728"/>
  <testcase classname="haypenny.testcases.YourCurrenciesTestCases" name="changeOrUploadCurrencyImage" time="66.02"/>
  <testcase classname="haypenny.testcases.YourCurrenciesTestCases" name="loginByRecoveringPassword" time="44.736"/>
  <testcase classname="haypenny.testcases.YourCurrenciesTestCases" name="loginUsingValidCreds" time="32.139"/>
  <testcase classname="haypenny.testcases.YourCurrenciesTestCases" name="logout" time="34.265"/>
  <testcase classname="haypenny.testcases.YourCurrenciesTestCases" name="markCurrencyBrandExclusive" time="34.339"/>
  <testcase classname="haypenny.testcases.YourCurrenciesTestCases" name="markedThisCurrencyPublic" time="63.813"/>
  <testcase classname="haypenny.testcases.YourCurrenciesTestCases" name="seeLiveCoinPageOfAllYourCurrencies" time="31.573"/>
  <testcase classname="haypenny.testcases.YourCurrenciesTestCases" name="updateCoinLongDescription" time="37.749"/>
  <testcase classname="haypenny.testcases.YourCurrenciesTestCases" name="updateCoinURLandByline" time="38.281"/>
  <testcase classname="haypenny.testcases.YourCurrenciesTestCases" name="updateShortDescription" time="37.232"/>
  <testcase classname="haypenny.testcases.VisitPoilicyandHelpTopics" name="visitHelpTopicPage" time="20.903"/>
  <testcase classname="haypenny.testcases.VisitPoilicyandHelpTopics" name="visitPrivacyPolicyPage" time="18.925"/>
  <testcase classname="haypenny.testcases.CreateNewCurrency" name="createNewCurrency" time="53.706">
    <failure type="java.lang.AssertionError" message="expected [true] but found [false]">
      <![CDATA[java.lang.AssertionError: expected [true] but found [false]
at haypenny.testcases.CreateNewCurrency.createNewCurrency(CreateNewCurrency.java:30)
at java.base/java.util.ArrayList.forEach(ArrayList.java:1511)
... Removed 31 stack frames]]>
    </failure>
  </testcase> <!-- createNewCurrency -->
  <testcase classname="haypenny.testcases.SubmitContactRequest" name="submitContactForm" time="92.681"/>
  <testcase classname="haypenny.testcases.WalletTestCases" name="addBlockStringToWallet" time="20.279"/>
  <testcase classname="haypenny.testcases.WalletTestCases" name="addWalletDataInEmptyWallet" time="50.488"/>
  <testcase classname="haypenny.testcases.WalletTestCases" name="changeCurrencyUnitView" time="53.829"/>
  <testcase classname="haypenny.testcases.WalletTestCases" name="clearWalletData" time="20.234"/>
  <testcase classname="haypenny.testcases.WalletTestCases" name="exportWalletDataToJsonFile" time="60.529"/>
  <testcase classname="haypenny.testcases.WalletTestCases" name="openPublicCurrencyPage" time="60.093"/>
  <testcase classname="haypenny.testcases.WalletTestCases" name="refreshWalletData" time="57.769"/>
  <testcase classname="haypenny.testcases.WalletTestCases" name="removeWalletPassword" time="52.554"/>
  <testcase classname="haypenny.testcases.WalletTestCases" name="setUpWalletPassword" time="17.303"/>
  <testcase classname="haypenny.testcases.WalletTestCases" name="splitCurrencyToGetBlockString" time="70.608"/>
  <testcase classname="haypenny.testcases.WalletTestCases" name="viewWalletCurrenciesBlockList" time="59.591"/>
  <testcase classname="haypenny.testcases.WalletTestCases" name="viewWalletTransactions" time="52.903"/>
  <testcase classname="haypenny.testcases.PublicCurrenciesTests" name="getCurrencyInfo" time="50.487"/>
  <testcase classname="haypenny.testcases.PublicCurrenciesTests" name="goToPublicCurrencyPage" time="41.408"/>
  <testcase classname="haypenny.testcases.PublicCurrenciesTests" name="openAllActivePublicCurrencies" time="19.79"/>
</testsuite> <!-- Test -->
